<?xml version="1.0" encoding="UTF-8"?>
<!-- Generated by org.testng.reporters.JUnitReportReporter -->
<testsuite skipped="0" hostname="RACD-00512" name="com.magic.axis360.testscript.LoginTestIT" tests="2" failures="0" timestamp="29 Nov 2018 11:55:53 GMT" time="102.817" errors="0">
  <testcase name="verifyLogin" time="30.852" classname="com.magic.axis360.testscript.LoginTestIT"/>
  <testcase name="verifyLogin" time="71.965" classname="com.magic.axis360.testscript.LoginTestIT"/>
</testsuite> <!-- com.magic.axis360.testscript.LoginTestIT -->
