<?xml version="1.0" encoding="UTF-8"?>
<!-- Generated by org.testng.reporters.JUnitReportReporter -->
<testsuite hostname="C2XPXJ2" name="com.magic.axis360.testscript.LoginTest" tests="1" failures="0" timestamp="16 Nov 2018 09:26:53 GMT" time="18.375" errors="0">
  <testcase name="testLogin" time="18.375" classname="com.magic.axis360.testscript.LoginTest"/>
</testsuite> <!-- com.magic.axis360.testscript.LoginTest -->
