<?xml version="1.0" encoding="UTF-8"?>
<!-- Generated by org.testng.reporters.JUnitReportReporter -->
<testsuite skipped="0" hostname="RACD-00512" name="com.magic.axis360.testscript.AdvancedSearchBoxTestIT" tests="22" failures="0" timestamp="29 Nov 2018 11:55:53 GMT" time="280.462" errors="0">
  <testcase name="verifyAdvanceSearchButton" time="77.343" classname="com.magic.axis360.testscript.AdvancedSearchBoxTestIT"/>
  <testcase name="verifyAdvanceSearchButton" time="29.659" classname="com.magic.axis360.testscript.AdvancedSearchBoxTestIT"/>
  <testcase name="verifyAdvanceSearchOptionAfterClickOnAdvanceSearch" time="5.215" classname="com.magic.axis360.testscript.AdvancedSearchBoxTestIT"/>
  <testcase name="verifyAdvanceSearchOptionAfterClickOnAdvanceSearch" time="16.057" classname="com.magic.axis360.testscript.AdvancedSearchBoxTestIT"/>
  <testcase name="verifyRadioButtonWithFieldALLAtAdvanceSearchButton" time="0.064" classname="com.magic.axis360.testscript.AdvancedSearchBoxTestIT"/>
  <testcase name="verifyRadioButtonWithFieldALLAtAdvanceSearchButton" time="0.586" classname="com.magic.axis360.testscript.AdvancedSearchBoxTestIT"/>
  <testcase name="verifyRadioButtonWithFieldALLSelectedByDefaultAtAdvanceSearchButton" time="0.054" classname="com.magic.axis360.testscript.AdvancedSearchBoxTestIT"/>
  <testcase name="verifyRadioButtonWithFieldALLSelectedByDefaultAtAdvanceSearchButton" time="0.385" classname="com.magic.axis360.testscript.AdvancedSearchBoxTestIT"/>
  <testcase name="verifyRadioButtonWithFieldTITLEAtAdvanceSearchButton" time="0.062" classname="com.magic.axis360.testscript.AdvancedSearchBoxTestIT"/>
  <testcase name="verifyRadioButtonWithFieldTITLEAtAdvanceSearchButton" time="0.424" classname="com.magic.axis360.testscript.AdvancedSearchBoxTestIT"/>
  <testcase name="verifyRadioButtonWithFieldTITLEAtAUTHORSearchButton" time="0.150" classname="com.magic.axis360.testscript.AdvancedSearchBoxTestIT"/>
  <testcase name="verifyRadioButtonWithFieldTITLEAtAUTHORSearchButton" time="0.584" classname="com.magic.axis360.testscript.AdvancedSearchBoxTestIT"/>
  <testcase name="verifyRadioButtonWithFieldISBNAtAuthorSearchButton" time="0.065" classname="com.magic.axis360.testscript.AdvancedSearchBoxTestIT"/>
  <testcase name="verifyRadioButtonWithFieldISBNAtAuthorSearchButton" time="0.647" classname="com.magic.axis360.testscript.AdvancedSearchBoxTestIT"/>
  <testcase name="verifySearchForTitleByKeywordAtAdvanceSearch" time="12.232" classname="com.magic.axis360.testscript.AdvancedSearchBoxTestIT"/>
  <testcase name="verifySearchForTitleByKeywordAtAdvanceSearch" time="2.110" classname="com.magic.axis360.testscript.AdvancedSearchBoxTestIT"/>
  <testcase name="verifySearchForTitleByTitleAtAdvanceSearch" time="9.752" classname="com.magic.axis360.testscript.AdvancedSearchBoxTestIT"/>
  <testcase name="verifySearchForTitleByTitleAtAdvanceSearch" time="1.999" classname="com.magic.axis360.testscript.AdvancedSearchBoxTestIT"/>
  <testcase name="veriySearchForTitleByAuthorAtAdvanceSearch" time="1.968" classname="com.magic.axis360.testscript.AdvancedSearchBoxTestIT"/>
  <testcase name="veriySearchForTitleByAuthorAtAdvanceSearch" time="9.562" classname="com.magic.axis360.testscript.AdvancedSearchBoxTestIT"/>
  <testcase name="verifySearchForTitleByISBNAtAdvanceSearchAtAdvanceSearch" time="59.286" classname="com.magic.axis360.testscript.AdvancedSearchBoxTestIT"/>
  <testcase name="verifySearchForTitleByISBNAtAdvanceSearchAtAdvanceSearch" time="52.258" classname="com.magic.axis360.testscript.AdvancedSearchBoxTestIT"/>
</testsuite> <!-- com.magic.axis360.testscript.AdvancedSearchBoxTestIT -->
