<?xml version="1.0" encoding="UTF-8"?>
<!-- Generated by org.testng.reporters.JUnitReportReporter -->
<testsuite skipped="0" hostname="MPL-5CZD1N2" name="com.magic.apexwebQA.web.tests.LoginTest" tests="1" failures="0" timestamp="23 Nov 2018 10:17:07 GMT" time="19.180" errors="0">
  <testcase name="loginTest" time="19.180" classname="com.magic.apexwebQA.web.tests.LoginTest"/>
</testsuite> <!-- com.magic.apexwebQA.web.tests.LoginTest -->
