<?xml version="1.0" encoding="UTF-8"?>
<!-- Generated by org.testng.reporters.JUnitReportReporter -->
<testsuite skipped="0" hostname="MPL-5CZD1N2" name="com.magic.apexwebQA.web.tests.PlacingOrderTest" tests="2" failures="0" timestamp="23 Nov 2018 10:17:07 GMT" time="22.678" errors="0">
  <testcase name="placeBuyLimitOrderTest" time="14.751" classname="com.magic.apexwebQA.web.tests.PlacingOrderTest"/>
  <testcase name="placeSellLimitOrderTest" time="7.927" classname="com.magic.apexwebQA.web.tests.PlacingOrderTest"/>
</testsuite> <!-- com.magic.apexwebQA.web.tests.PlacingOrderTest -->
