<?xml version="1.0" encoding="UTF-8"?>
<!-- Generated by org.testng.reporters.JUnitReportReporter -->
<testsuite skipped="0" hostname="MPL-5CZD1N2" name="com.magic.apexwebQA.web.tests.LoginTest" tests="1" failures="0" timestamp="22 Nov 2018 09:10:13 GMT" time="14.712" errors="0">
  <testcase name="loginTest" time="14.712" classname="com.magic.apexwebQA.web.tests.LoginTest"/>
</testsuite> <!-- com.magic.apexwebQA.web.tests.LoginTest -->
